<?xml version="1.0" encoding="UTF-8"?>
<testng-results ignored="0" total="1" passed="1" failed="0" skipped="0">
  <reporter-output>
  </reporter-output>
  <suite started-at="2022-04-02T11:36:03 GMT+01:00" name="Default suite" finished-at="2022-04-02T11:36:14 GMT+01:00" duration-ms="10240">
    <groups>
    </groups>
    <test started-at="2022-04-02T11:36:03 GMT+01:00" name="Default test" finished-at="2022-04-02T11:36:14 GMT+01:00" duration-ms="10240">
      <class name="Academy.tests">
        <test-method signature="initialize()[pri:0, instance:Academy.tests@15bbf42f]" started-at="2022-04-02T11:36:04 GMT+01:00" name="initialize" finished-at="2022-04-02T11:36:14 GMT+01:00" duration-ms="10190" status="PASS">
          <reporter-output>
          </reporter-output>
        </test-method> <!-- initialize -->
      </class> <!-- Academy.tests -->
    </test> <!-- Default test -->
  </suite> <!-- Default suite -->
</testng-results>
